[2025-12-14T11:45:53.305+0000] {processor.py:161} INFO - Started process (PID=1042) to work on /opt/airflow/dags/main.py
[2025-12-14T11:45:53.310+0000] {processor.py:830} INFO - Processing file /opt/airflow/dags/main.py for tasks to queue
[2025-12-14T11:45:53.347+0000] {logging_mixin.py:188} INFO - [2025-12-14T11:45:53.344+0000] {dagbag.py:545} INFO - Filling up the DagBag from /opt/airflow/dags/main.py
[2025-12-14T11:45:53.801+0000] {logging_mixin.py:188} INFO - [2025-12-14T11:45:53.786+0000] {dagbag.py:355} ERROR - Failed to import: /opt/airflow/dags/main.py
Traceback (most recent call last):
  File "/home/airflow/.local/lib/python3.10/site-packages/airflow/models/dagbag.py", line 351, in parse
    loader.exec_module(new_module)
  File "<frozen importlib._bootstrap_external>", line 883, in exec_module
  File "<frozen importlib._bootstrap>", line 241, in _call_with_frames_removed
  File "/opt/airflow/dags/main.py", line 4, in <module>
    from api.video_stats import get_playlist_id, get_video_ids, extract_video_data, save_to_json
  File "/opt/airflow/dags/api/video_stats.py", line 18, in <module>
    CHANNEL_HANDLE =Variable.get("MrBeast")
  File "/home/airflow/.local/lib/python3.10/site-packages/airflow/models/variable.py", line 143, in get
    raise KeyError(f"Variable {key} does not exist")
KeyError: 'Variable MrBeast does not exist'
[2025-12-14T11:45:53.808+0000] {processor.py:842} WARNING - No viable dags retrieved from /opt/airflow/dags/main.py
[2025-12-14T11:45:53.867+0000] {processor.py:183} INFO - Processing /opt/airflow/dags/main.py took 0.644 seconds
[2025-12-14T11:46:24.140+0000] {processor.py:161} INFO - Started process (PID=1050) to work on /opt/airflow/dags/main.py
[2025-12-14T11:46:24.141+0000] {processor.py:830} INFO - Processing file /opt/airflow/dags/main.py for tasks to queue
[2025-12-14T11:46:24.143+0000] {logging_mixin.py:188} INFO - [2025-12-14T11:46:24.143+0000] {dagbag.py:545} INFO - Filling up the DagBag from /opt/airflow/dags/main.py
[2025-12-14T11:46:24.203+0000] {logging_mixin.py:188} INFO - [2025-12-14T11:46:24.198+0000] {dagbag.py:355} ERROR - Failed to import: /opt/airflow/dags/main.py
Traceback (most recent call last):
  File "/home/airflow/.local/lib/python3.10/site-packages/airflow/models/dagbag.py", line 351, in parse
    loader.exec_module(new_module)
  File "<frozen importlib._bootstrap_external>", line 883, in exec_module
  File "<frozen importlib._bootstrap>", line 241, in _call_with_frames_removed
  File "/opt/airflow/dags/main.py", line 4, in <module>
    from api.video_stats import get_playlist_id, get_video_ids, extract_video_data, save_to_json
  File "/opt/airflow/dags/api/video_stats.py", line 18, in <module>
    CHANNEL_HANDLE =Variable.get("MrBeast")
  File "/home/airflow/.local/lib/python3.10/site-packages/airflow/models/variable.py", line 143, in get
    raise KeyError(f"Variable {key} does not exist")
KeyError: 'Variable MrBeast does not exist'
[2025-12-14T11:46:24.204+0000] {processor.py:842} WARNING - No viable dags retrieved from /opt/airflow/dags/main.py
[2025-12-14T11:46:24.214+0000] {processor.py:183} INFO - Processing /opt/airflow/dags/main.py took 0.085 seconds
[2025-12-14T11:46:54.346+0000] {processor.py:161} INFO - Started process (PID=1057) to work on /opt/airflow/dags/main.py
[2025-12-14T11:46:54.347+0000] {processor.py:830} INFO - Processing file /opt/airflow/dags/main.py for tasks to queue
[2025-12-14T11:46:54.351+0000] {logging_mixin.py:188} INFO - [2025-12-14T11:46:54.351+0000] {dagbag.py:545} INFO - Filling up the DagBag from /opt/airflow/dags/main.py
[2025-12-14T11:46:54.397+0000] {logging_mixin.py:188} INFO - [2025-12-14T11:46:54.392+0000] {dagbag.py:355} ERROR - Failed to import: /opt/airflow/dags/main.py
Traceback (most recent call last):
  File "/home/airflow/.local/lib/python3.10/site-packages/airflow/models/dagbag.py", line 351, in parse
    loader.exec_module(new_module)
  File "<frozen importlib._bootstrap_external>", line 883, in exec_module
  File "<frozen importlib._bootstrap>", line 241, in _call_with_frames_removed
  File "/opt/airflow/dags/main.py", line 4, in <module>
    from api.video_stats import get_playlist_id, get_video_ids, extract_video_data, save_to_json
  File "/opt/airflow/dags/api/video_stats.py", line 18, in <module>
    CHANNEL_HANDLE =Variable.get("MrBeast")
  File "/home/airflow/.local/lib/python3.10/site-packages/airflow/models/variable.py", line 143, in get
    raise KeyError(f"Variable {key} does not exist")
KeyError: 'Variable MrBeast does not exist'
[2025-12-14T11:46:54.398+0000] {processor.py:842} WARNING - No viable dags retrieved from /opt/airflow/dags/main.py
[2025-12-14T11:46:54.408+0000] {processor.py:183} INFO - Processing /opt/airflow/dags/main.py took 0.068 seconds
[2025-12-14T11:47:24.661+0000] {processor.py:161} INFO - Started process (PID=1064) to work on /opt/airflow/dags/main.py
[2025-12-14T11:47:24.663+0000] {processor.py:830} INFO - Processing file /opt/airflow/dags/main.py for tasks to queue
[2025-12-14T11:47:24.665+0000] {logging_mixin.py:188} INFO - [2025-12-14T11:47:24.665+0000] {dagbag.py:545} INFO - Filling up the DagBag from /opt/airflow/dags/main.py
[2025-12-14T11:47:24.732+0000] {logging_mixin.py:188} INFO - [2025-12-14T11:47:24.725+0000] {dagbag.py:355} ERROR - Failed to import: /opt/airflow/dags/main.py
Traceback (most recent call last):
  File "/home/airflow/.local/lib/python3.10/site-packages/airflow/models/dagbag.py", line 351, in parse
    loader.exec_module(new_module)
  File "<frozen importlib._bootstrap_external>", line 883, in exec_module
  File "<frozen importlib._bootstrap>", line 241, in _call_with_frames_removed
  File "/opt/airflow/dags/main.py", line 4, in <module>
    from api.video_stats import get_playlist_id, get_video_ids, extract_video_data, save_to_json
  File "/opt/airflow/dags/api/video_stats.py", line 18, in <module>
    CHANNEL_HANDLE =Variable.get("MrBeast")
  File "/home/airflow/.local/lib/python3.10/site-packages/airflow/models/variable.py", line 143, in get
    raise KeyError(f"Variable {key} does not exist")
KeyError: 'Variable MrBeast does not exist'
[2025-12-14T11:47:24.734+0000] {processor.py:842} WARNING - No viable dags retrieved from /opt/airflow/dags/main.py
[2025-12-14T11:47:24.748+0000] {processor.py:183} INFO - Processing /opt/airflow/dags/main.py took 0.111 seconds
[2025-12-14T11:47:54.859+0000] {processor.py:161} INFO - Started process (PID=1071) to work on /opt/airflow/dags/main.py
[2025-12-14T11:47:54.860+0000] {processor.py:830} INFO - Processing file /opt/airflow/dags/main.py for tasks to queue
[2025-12-14T11:47:54.863+0000] {logging_mixin.py:188} INFO - [2025-12-14T11:47:54.863+0000] {dagbag.py:545} INFO - Filling up the DagBag from /opt/airflow/dags/main.py
[2025-12-14T11:47:54.944+0000] {logging_mixin.py:188} INFO - [2025-12-14T11:47:54.937+0000] {dagbag.py:355} ERROR - Failed to import: /opt/airflow/dags/main.py
Traceback (most recent call last):
  File "/home/airflow/.local/lib/python3.10/site-packages/airflow/models/dagbag.py", line 351, in parse
    loader.exec_module(new_module)
  File "<frozen importlib._bootstrap_external>", line 883, in exec_module
  File "<frozen importlib._bootstrap>", line 241, in _call_with_frames_removed
  File "/opt/airflow/dags/main.py", line 4, in <module>
    from api.video_stats import get_playlist_id, get_video_ids, extract_video_data, save_to_json
  File "/opt/airflow/dags/api/video_stats.py", line 18, in <module>
    CHANNEL_HANDLE =Variable.get("MrBeast")
  File "/home/airflow/.local/lib/python3.10/site-packages/airflow/models/variable.py", line 143, in get
    raise KeyError(f"Variable {key} does not exist")
KeyError: 'Variable MrBeast does not exist'
[2025-12-14T11:47:54.945+0000] {processor.py:842} WARNING - No viable dags retrieved from /opt/airflow/dags/main.py
[2025-12-14T11:47:54.959+0000] {processor.py:183} INFO - Processing /opt/airflow/dags/main.py took 0.109 seconds
[2025-12-14T11:48:25.127+0000] {processor.py:161} INFO - Started process (PID=1079) to work on /opt/airflow/dags/main.py
[2025-12-14T11:48:25.129+0000] {processor.py:830} INFO - Processing file /opt/airflow/dags/main.py for tasks to queue
[2025-12-14T11:48:25.135+0000] {logging_mixin.py:188} INFO - [2025-12-14T11:48:25.135+0000] {dagbag.py:545} INFO - Filling up the DagBag from /opt/airflow/dags/main.py
[2025-12-14T11:48:25.186+0000] {logging_mixin.py:188} INFO - [2025-12-14T11:48:25.181+0000] {dagbag.py:355} ERROR - Failed to import: /opt/airflow/dags/main.py
Traceback (most recent call last):
  File "/home/airflow/.local/lib/python3.10/site-packages/airflow/models/dagbag.py", line 351, in parse
    loader.exec_module(new_module)
  File "<frozen importlib._bootstrap_external>", line 883, in exec_module
  File "<frozen importlib._bootstrap>", line 241, in _call_with_frames_removed
  File "/opt/airflow/dags/main.py", line 4, in <module>
    from api.video_stats import get_playlist_id, get_video_ids, extract_video_data, save_to_json
  File "/opt/airflow/dags/api/video_stats.py", line 18, in <module>
    CHANNEL_HANDLE =Variable.get("MrBeast")
  File "/home/airflow/.local/lib/python3.10/site-packages/airflow/models/variable.py", line 143, in get
    raise KeyError(f"Variable {key} does not exist")
KeyError: 'Variable MrBeast does not exist'
[2025-12-14T11:48:25.187+0000] {processor.py:842} WARNING - No viable dags retrieved from /opt/airflow/dags/main.py
[2025-12-14T11:48:25.200+0000] {processor.py:183} INFO - Processing /opt/airflow/dags/main.py took 0.079 seconds
[2025-12-14T11:48:55.342+0000] {processor.py:161} INFO - Started process (PID=1086) to work on /opt/airflow/dags/main.py
[2025-12-14T11:48:55.344+0000] {processor.py:830} INFO - Processing file /opt/airflow/dags/main.py for tasks to queue
[2025-12-14T11:48:55.346+0000] {logging_mixin.py:188} INFO - [2025-12-14T11:48:55.346+0000] {dagbag.py:545} INFO - Filling up the DagBag from /opt/airflow/dags/main.py
[2025-12-14T11:48:55.396+0000] {logging_mixin.py:188} INFO - [2025-12-14T11:48:55.390+0000] {dagbag.py:355} ERROR - Failed to import: /opt/airflow/dags/main.py
Traceback (most recent call last):
  File "/home/airflow/.local/lib/python3.10/site-packages/airflow/models/dagbag.py", line 351, in parse
    loader.exec_module(new_module)
  File "<frozen importlib._bootstrap_external>", line 883, in exec_module
  File "<frozen importlib._bootstrap>", line 241, in _call_with_frames_removed
  File "/opt/airflow/dags/main.py", line 4, in <module>
    from api.video_stats import get_playlist_id, get_video_ids, extract_video_data, save_to_json
  File "/opt/airflow/dags/api/video_stats.py", line 18, in <module>
    CHANNEL_HANDLE =Variable.get("MrBeast")
  File "/home/airflow/.local/lib/python3.10/site-packages/airflow/models/variable.py", line 143, in get
    raise KeyError(f"Variable {key} does not exist")
KeyError: 'Variable MrBeast does not exist'
[2025-12-14T11:48:55.397+0000] {processor.py:842} WARNING - No viable dags retrieved from /opt/airflow/dags/main.py
[2025-12-14T11:48:55.408+0000] {processor.py:183} INFO - Processing /opt/airflow/dags/main.py took 0.071 seconds
[2025-12-14T11:49:25.639+0000] {processor.py:161} INFO - Started process (PID=1093) to work on /opt/airflow/dags/main.py
[2025-12-14T11:49:25.640+0000] {processor.py:830} INFO - Processing file /opt/airflow/dags/main.py for tasks to queue
[2025-12-14T11:49:25.642+0000] {logging_mixin.py:188} INFO - [2025-12-14T11:49:25.642+0000] {dagbag.py:545} INFO - Filling up the DagBag from /opt/airflow/dags/main.py
[2025-12-14T11:49:25.688+0000] {logging_mixin.py:188} INFO - [2025-12-14T11:49:25.683+0000] {dagbag.py:355} ERROR - Failed to import: /opt/airflow/dags/main.py
Traceback (most recent call last):
  File "/home/airflow/.local/lib/python3.10/site-packages/airflow/models/dagbag.py", line 351, in parse
    loader.exec_module(new_module)
  File "<frozen importlib._bootstrap_external>", line 883, in exec_module
  File "<frozen importlib._bootstrap>", line 241, in _call_with_frames_removed
  File "/opt/airflow/dags/main.py", line 4, in <module>
    from api.video_stats import get_playlist_id, get_video_ids, extract_video_data, save_to_json
  File "/opt/airflow/dags/api/video_stats.py", line 18, in <module>
    CHANNEL_HANDLE =Variable.get("MrBeast")
  File "/home/airflow/.local/lib/python3.10/site-packages/airflow/models/variable.py", line 143, in get
    raise KeyError(f"Variable {key} does not exist")
KeyError: 'Variable MrBeast does not exist'
[2025-12-14T11:49:25.689+0000] {processor.py:842} WARNING - No viable dags retrieved from /opt/airflow/dags/main.py
[2025-12-14T11:49:25.700+0000] {processor.py:183} INFO - Processing /opt/airflow/dags/main.py took 0.065 seconds
[2025-12-14T11:49:55.839+0000] {processor.py:161} INFO - Started process (PID=1101) to work on /opt/airflow/dags/main.py
[2025-12-14T11:49:55.840+0000] {processor.py:830} INFO - Processing file /opt/airflow/dags/main.py for tasks to queue
[2025-12-14T11:49:55.846+0000] {logging_mixin.py:188} INFO - [2025-12-14T11:49:55.845+0000] {dagbag.py:545} INFO - Filling up the DagBag from /opt/airflow/dags/main.py
[2025-12-14T11:49:55.894+0000] {logging_mixin.py:188} INFO - [2025-12-14T11:49:55.888+0000] {dagbag.py:355} ERROR - Failed to import: /opt/airflow/dags/main.py
Traceback (most recent call last):
  File "/home/airflow/.local/lib/python3.10/site-packages/airflow/models/dagbag.py", line 351, in parse
    loader.exec_module(new_module)
  File "<frozen importlib._bootstrap_external>", line 883, in exec_module
  File "<frozen importlib._bootstrap>", line 241, in _call_with_frames_removed
  File "/opt/airflow/dags/main.py", line 4, in <module>
    from api.video_stats import get_playlist_id, get_video_ids, extract_video_data, save_to_json
  File "/opt/airflow/dags/api/video_stats.py", line 18, in <module>
    CHANNEL_HANDLE =Variable.get("MrBeast")
  File "/home/airflow/.local/lib/python3.10/site-packages/airflow/models/variable.py", line 143, in get
    raise KeyError(f"Variable {key} does not exist")
KeyError: 'Variable MrBeast does not exist'
[2025-12-14T11:49:55.895+0000] {processor.py:842} WARNING - No viable dags retrieved from /opt/airflow/dags/main.py
[2025-12-14T11:49:55.903+0000] {processor.py:183} INFO - Processing /opt/airflow/dags/main.py took 0.069 seconds
[2025-12-14T11:50:26.081+0000] {processor.py:161} INFO - Started process (PID=1108) to work on /opt/airflow/dags/main.py
[2025-12-14T11:50:26.082+0000] {processor.py:830} INFO - Processing file /opt/airflow/dags/main.py for tasks to queue
[2025-12-14T11:50:26.084+0000] {logging_mixin.py:188} INFO - [2025-12-14T11:50:26.084+0000] {dagbag.py:545} INFO - Filling up the DagBag from /opt/airflow/dags/main.py
[2025-12-14T11:50:26.174+0000] {logging_mixin.py:188} INFO - [2025-12-14T11:50:26.164+0000] {dagbag.py:355} ERROR - Failed to import: /opt/airflow/dags/main.py
Traceback (most recent call last):
  File "/home/airflow/.local/lib/python3.10/site-packages/airflow/models/dagbag.py", line 351, in parse
    loader.exec_module(new_module)
  File "<frozen importlib._bootstrap_external>", line 883, in exec_module
  File "<frozen importlib._bootstrap>", line 241, in _call_with_frames_removed
  File "/opt/airflow/dags/main.py", line 4, in <module>
    from api.video_stats import get_playlist_id, get_video_ids, extract_video_data, save_to_json
  File "/opt/airflow/dags/api/video_stats.py", line 18, in <module>
    CHANNEL_HANDLE =Variable.get("MrBeast")
  File "/home/airflow/.local/lib/python3.10/site-packages/airflow/models/variable.py", line 143, in get
    raise KeyError(f"Variable {key} does not exist")
KeyError: 'Variable MrBeast does not exist'
[2025-12-14T11:50:26.176+0000] {processor.py:842} WARNING - No viable dags retrieved from /opt/airflow/dags/main.py
[2025-12-14T11:50:26.196+0000] {processor.py:183} INFO - Processing /opt/airflow/dags/main.py took 0.124 seconds
[2025-12-14T11:50:56.346+0000] {processor.py:161} INFO - Started process (PID=1115) to work on /opt/airflow/dags/main.py
[2025-12-14T11:50:56.354+0000] {processor.py:830} INFO - Processing file /opt/airflow/dags/main.py for tasks to queue
[2025-12-14T11:50:56.357+0000] {logging_mixin.py:188} INFO - [2025-12-14T11:50:56.357+0000] {dagbag.py:545} INFO - Filling up the DagBag from /opt/airflow/dags/main.py
[2025-12-14T11:50:56.402+0000] {logging_mixin.py:188} INFO - [2025-12-14T11:50:56.397+0000] {dagbag.py:355} ERROR - Failed to import: /opt/airflow/dags/main.py
Traceback (most recent call last):
  File "/home/airflow/.local/lib/python3.10/site-packages/airflow/models/dagbag.py", line 351, in parse
    loader.exec_module(new_module)
  File "<frozen importlib._bootstrap_external>", line 883, in exec_module
  File "<frozen importlib._bootstrap>", line 241, in _call_with_frames_removed
  File "/opt/airflow/dags/main.py", line 4, in <module>
    from api.video_stats import get_playlist_id, get_video_ids, extract_video_data, save_to_json
  File "/opt/airflow/dags/api/video_stats.py", line 18, in <module>
    CHANNEL_HANDLE =Variable.get("MrBeast")
  File "/home/airflow/.local/lib/python3.10/site-packages/airflow/models/variable.py", line 143, in get
    raise KeyError(f"Variable {key} does not exist")
KeyError: 'Variable MrBeast does not exist'
[2025-12-14T11:50:56.403+0000] {processor.py:842} WARNING - No viable dags retrieved from /opt/airflow/dags/main.py
[2025-12-14T11:50:56.412+0000] {processor.py:183} INFO - Processing /opt/airflow/dags/main.py took 0.072 seconds
[2025-12-14T11:51:26.639+0000] {processor.py:161} INFO - Started process (PID=1122) to work on /opt/airflow/dags/main.py
[2025-12-14T11:51:26.640+0000] {processor.py:830} INFO - Processing file /opt/airflow/dags/main.py for tasks to queue
[2025-12-14T11:51:26.642+0000] {logging_mixin.py:188} INFO - [2025-12-14T11:51:26.641+0000] {dagbag.py:545} INFO - Filling up the DagBag from /opt/airflow/dags/main.py
[2025-12-14T11:51:26.690+0000] {logging_mixin.py:188} INFO - [2025-12-14T11:51:26.684+0000] {dagbag.py:355} ERROR - Failed to import: /opt/airflow/dags/main.py
Traceback (most recent call last):
  File "/home/airflow/.local/lib/python3.10/site-packages/airflow/models/dagbag.py", line 351, in parse
    loader.exec_module(new_module)
  File "<frozen importlib._bootstrap_external>", line 883, in exec_module
  File "<frozen importlib._bootstrap>", line 241, in _call_with_frames_removed
  File "/opt/airflow/dags/main.py", line 4, in <module>
    from api.video_stats import get_playlist_id, get_video_ids, extract_video_data, save_to_json
  File "/opt/airflow/dags/api/video_stats.py", line 18, in <module>
    CHANNEL_HANDLE =Variable.get("MrBeast")
  File "/home/airflow/.local/lib/python3.10/site-packages/airflow/models/variable.py", line 143, in get
    raise KeyError(f"Variable {key} does not exist")
KeyError: 'Variable MrBeast does not exist'
[2025-12-14T11:51:26.693+0000] {processor.py:842} WARNING - No viable dags retrieved from /opt/airflow/dags/main.py
[2025-12-14T11:51:26.704+0000] {processor.py:183} INFO - Processing /opt/airflow/dags/main.py took 0.072 seconds
[2025-12-14T11:51:56.832+0000] {processor.py:161} INFO - Started process (PID=1129) to work on /opt/airflow/dags/main.py
[2025-12-14T11:51:56.833+0000] {processor.py:830} INFO - Processing file /opt/airflow/dags/main.py for tasks to queue
[2025-12-14T11:51:56.835+0000] {logging_mixin.py:188} INFO - [2025-12-14T11:51:56.835+0000] {dagbag.py:545} INFO - Filling up the DagBag from /opt/airflow/dags/main.py
[2025-12-14T11:51:56.881+0000] {logging_mixin.py:188} INFO - [2025-12-14T11:51:56.875+0000] {dagbag.py:355} ERROR - Failed to import: /opt/airflow/dags/main.py
Traceback (most recent call last):
  File "/home/airflow/.local/lib/python3.10/site-packages/airflow/models/dagbag.py", line 351, in parse
    loader.exec_module(new_module)
  File "<frozen importlib._bootstrap_external>", line 883, in exec_module
  File "<frozen importlib._bootstrap>", line 241, in _call_with_frames_removed
  File "/opt/airflow/dags/main.py", line 4, in <module>
    from api.video_stats import get_playlist_id, get_video_ids, extract_video_data, save_to_json
  File "/opt/airflow/dags/api/video_stats.py", line 18, in <module>
    CHANNEL_HANDLE =Variable.get("MrBeast")
  File "/home/airflow/.local/lib/python3.10/site-packages/airflow/models/variable.py", line 143, in get
    raise KeyError(f"Variable {key} does not exist")
KeyError: 'Variable MrBeast does not exist'
[2025-12-14T11:51:56.882+0000] {processor.py:842} WARNING - No viable dags retrieved from /opt/airflow/dags/main.py
[2025-12-14T11:51:56.892+0000] {processor.py:183} INFO - Processing /opt/airflow/dags/main.py took 0.066 seconds
[2025-12-14T11:52:27.145+0000] {processor.py:161} INFO - Started process (PID=1136) to work on /opt/airflow/dags/main.py
[2025-12-14T11:52:27.146+0000] {processor.py:830} INFO - Processing file /opt/airflow/dags/main.py for tasks to queue
[2025-12-14T11:52:27.148+0000] {logging_mixin.py:188} INFO - [2025-12-14T11:52:27.147+0000] {dagbag.py:545} INFO - Filling up the DagBag from /opt/airflow/dags/main.py
[2025-12-14T11:52:27.214+0000] {logging_mixin.py:188} INFO - [2025-12-14T11:52:27.204+0000] {dagbag.py:355} ERROR - Failed to import: /opt/airflow/dags/main.py
Traceback (most recent call last):
  File "/home/airflow/.local/lib/python3.10/site-packages/airflow/models/dagbag.py", line 351, in parse
    loader.exec_module(new_module)
  File "<frozen importlib._bootstrap_external>", line 883, in exec_module
  File "<frozen importlib._bootstrap>", line 241, in _call_with_frames_removed
  File "/opt/airflow/dags/main.py", line 4, in <module>
    from api.video_stats import get_playlist_id, get_video_ids, extract_video_data, save_to_json
  File "/opt/airflow/dags/api/video_stats.py", line 18, in <module>
    CHANNEL_HANDLE =Variable.get("MrBeast")
  File "/home/airflow/.local/lib/python3.10/site-packages/airflow/models/variable.py", line 143, in get
    raise KeyError(f"Variable {key} does not exist")
KeyError: 'Variable MrBeast does not exist'
[2025-12-14T11:52:27.215+0000] {processor.py:842} WARNING - No viable dags retrieved from /opt/airflow/dags/main.py
[2025-12-14T11:52:27.229+0000] {processor.py:183} INFO - Processing /opt/airflow/dags/main.py took 0.089 seconds
[2025-12-14T11:52:57.362+0000] {processor.py:161} INFO - Started process (PID=1143) to work on /opt/airflow/dags/main.py
[2025-12-14T11:52:57.363+0000] {processor.py:830} INFO - Processing file /opt/airflow/dags/main.py for tasks to queue
[2025-12-14T11:52:57.365+0000] {logging_mixin.py:188} INFO - [2025-12-14T11:52:57.364+0000] {dagbag.py:545} INFO - Filling up the DagBag from /opt/airflow/dags/main.py
[2025-12-14T11:52:57.431+0000] {logging_mixin.py:188} INFO - [2025-12-14T11:52:57.423+0000] {dagbag.py:355} ERROR - Failed to import: /opt/airflow/dags/main.py
Traceback (most recent call last):
  File "/home/airflow/.local/lib/python3.10/site-packages/airflow/models/dagbag.py", line 351, in parse
    loader.exec_module(new_module)
  File "<frozen importlib._bootstrap_external>", line 883, in exec_module
  File "<frozen importlib._bootstrap>", line 241, in _call_with_frames_removed
  File "/opt/airflow/dags/main.py", line 4, in <module>
    from api.video_stats import get_playlist_id, get_video_ids, extract_video_data, save_to_json
  File "/opt/airflow/dags/api/video_stats.py", line 18, in <module>
    CHANNEL_HANDLE =Variable.get("MrBeast")
  File "/home/airflow/.local/lib/python3.10/site-packages/airflow/models/variable.py", line 143, in get
    raise KeyError(f"Variable {key} does not exist")
KeyError: 'Variable MrBeast does not exist'
[2025-12-14T11:52:57.433+0000] {processor.py:842} WARNING - No viable dags retrieved from /opt/airflow/dags/main.py
[2025-12-14T11:52:57.449+0000] {processor.py:183} INFO - Processing /opt/airflow/dags/main.py took 0.093 seconds
[2025-12-14T11:53:27.605+0000] {processor.py:161} INFO - Started process (PID=1150) to work on /opt/airflow/dags/main.py
[2025-12-14T11:53:27.607+0000] {processor.py:830} INFO - Processing file /opt/airflow/dags/main.py for tasks to queue
[2025-12-14T11:53:27.609+0000] {logging_mixin.py:188} INFO - [2025-12-14T11:53:27.609+0000] {dagbag.py:545} INFO - Filling up the DagBag from /opt/airflow/dags/main.py
[2025-12-14T11:53:27.662+0000] {logging_mixin.py:188} INFO - [2025-12-14T11:53:27.656+0000] {dagbag.py:355} ERROR - Failed to import: /opt/airflow/dags/main.py
Traceback (most recent call last):
  File "/home/airflow/.local/lib/python3.10/site-packages/airflow/models/dagbag.py", line 351, in parse
    loader.exec_module(new_module)
  File "<frozen importlib._bootstrap_external>", line 883, in exec_module
  File "<frozen importlib._bootstrap>", line 241, in _call_with_frames_removed
  File "/opt/airflow/dags/main.py", line 4, in <module>
    from api.video_stats import get_playlist_id, get_video_ids, extract_video_data, save_to_json
  File "/opt/airflow/dags/api/video_stats.py", line 18, in <module>
    CHANNEL_HANDLE =Variable.get("MrBeast")
  File "/home/airflow/.local/lib/python3.10/site-packages/airflow/models/variable.py", line 143, in get
    raise KeyError(f"Variable {key} does not exist")
KeyError: 'Variable MrBeast does not exist'
[2025-12-14T11:53:27.663+0000] {processor.py:842} WARNING - No viable dags retrieved from /opt/airflow/dags/main.py
[2025-12-14T11:53:27.673+0000] {processor.py:183} INFO - Processing /opt/airflow/dags/main.py took 0.073 seconds
[2025-12-14T11:53:40.727+0000] {processor.py:161} INFO - Started process (PID=1157) to work on /opt/airflow/dags/main.py
[2025-12-14T11:53:40.729+0000] {processor.py:830} INFO - Processing file /opt/airflow/dags/main.py for tasks to queue
[2025-12-14T11:53:40.732+0000] {logging_mixin.py:188} INFO - [2025-12-14T11:53:40.731+0000] {dagbag.py:545} INFO - Filling up the DagBag from /opt/airflow/dags/main.py
[2025-12-14T11:53:40.803+0000] {logging_mixin.py:188} INFO - [2025-12-14T11:53:40.796+0000] {dagbag.py:355} ERROR - Failed to import: /opt/airflow/dags/main.py
Traceback (most recent call last):
  File "/home/airflow/.local/lib/python3.10/site-packages/airflow/models/dagbag.py", line 351, in parse
    loader.exec_module(new_module)
  File "<frozen importlib._bootstrap_external>", line 883, in exec_module
  File "<frozen importlib._bootstrap>", line 241, in _call_with_frames_removed
  File "/opt/airflow/dags/main.py", line 4, in <module>
    from api.video_stats import get_playlist_id, get_video_ids, extract_video_data, save_to_json
  File "/opt/airflow/dags/api/video_stats.py", line 18, in <module>
    CHANNEL_HANDLE =Variable.get("MrBeast")
  File "/home/airflow/.local/lib/python3.10/site-packages/airflow/models/variable.py", line 143, in get
    raise KeyError(f"Variable {key} does not exist")
KeyError: 'Variable MrBeast does not exist'
[2025-12-14T11:53:40.805+0000] {processor.py:842} WARNING - No viable dags retrieved from /opt/airflow/dags/main.py
[2025-12-14T11:53:40.815+0000] {processor.py:183} INFO - Processing /opt/airflow/dags/main.py took 0.095 seconds
[2025-12-14T11:54:10.943+0000] {processor.py:161} INFO - Started process (PID=1164) to work on /opt/airflow/dags/main.py
[2025-12-14T11:54:10.949+0000] {processor.py:830} INFO - Processing file /opt/airflow/dags/main.py for tasks to queue
[2025-12-14T11:54:10.951+0000] {logging_mixin.py:188} INFO - [2025-12-14T11:54:10.951+0000] {dagbag.py:545} INFO - Filling up the DagBag from /opt/airflow/dags/main.py
[2025-12-14T11:54:11.006+0000] {logging_mixin.py:188} INFO - [2025-12-14T11:54:11.000+0000] {dagbag.py:355} ERROR - Failed to import: /opt/airflow/dags/main.py
Traceback (most recent call last):
  File "/home/airflow/.local/lib/python3.10/site-packages/airflow/models/dagbag.py", line 351, in parse
    loader.exec_module(new_module)
  File "<frozen importlib._bootstrap_external>", line 883, in exec_module
  File "<frozen importlib._bootstrap>", line 241, in _call_with_frames_removed
  File "/opt/airflow/dags/main.py", line 4, in <module>
    from api.video_stats import get_playlist_id, get_video_ids, extract_video_data, save_to_json
  File "/opt/airflow/dags/api/video_stats.py", line 18, in <module>
    CHANNEL_HANDLE =Variable.get("MrBeast")
  File "/home/airflow/.local/lib/python3.10/site-packages/airflow/models/variable.py", line 143, in get
    raise KeyError(f"Variable {key} does not exist")
KeyError: 'Variable MrBeast does not exist'
[2025-12-14T11:54:11.007+0000] {processor.py:842} WARNING - No viable dags retrieved from /opt/airflow/dags/main.py
[2025-12-14T11:54:11.018+0000] {processor.py:183} INFO - Processing /opt/airflow/dags/main.py took 0.080 seconds
[2025-12-14T11:54:41.155+0000] {processor.py:161} INFO - Started process (PID=1171) to work on /opt/airflow/dags/main.py
[2025-12-14T11:54:41.156+0000] {processor.py:830} INFO - Processing file /opt/airflow/dags/main.py for tasks to queue
[2025-12-14T11:54:41.158+0000] {logging_mixin.py:188} INFO - [2025-12-14T11:54:41.158+0000] {dagbag.py:545} INFO - Filling up the DagBag from /opt/airflow/dags/main.py
[2025-12-14T11:54:41.343+0000] {processor.py:840} INFO - DAG(s) 'youtube_video_stats' retrieved from /opt/airflow/dags/main.py
[2025-12-14T11:54:41.923+0000] {logging_mixin.py:188} INFO - [2025-12-14T11:54:41.922+0000] {override.py:1829} INFO - Created Permission View: can edit on DAG:youtube_video_stats
[2025-12-14T11:54:41.934+0000] {logging_mixin.py:188} INFO - [2025-12-14T11:54:41.934+0000] {override.py:1829} INFO - Created Permission View: can read on DAG:youtube_video_stats
[2025-12-14T11:54:41.940+0000] {logging_mixin.py:188} INFO - [2025-12-14T11:54:41.939+0000] {override.py:1829} INFO - Created Permission View: can delete on DAG:youtube_video_stats
[2025-12-14T11:54:41.941+0000] {logging_mixin.py:188} INFO - [2025-12-14T11:54:41.941+0000] {dag.py:3096} INFO - Sync 1 DAGs
[2025-12-14T11:54:41.969+0000] {logging_mixin.py:188} INFO - [2025-12-14T11:54:41.969+0000] {dag.py:3118} INFO - Creating ORM DAG for youtube_video_stats
[2025-12-14T11:54:42.006+0000] {logging_mixin.py:188} INFO - [2025-12-14T11:54:42.005+0000] {dag.py:3954} INFO - Setting next_dagrun for youtube_video_stats to 2025-12-12 14:00:00+00:00, run_after=2025-12-13 14:00:00+00:00
[2025-12-14T11:54:42.040+0000] {processor.py:183} INFO - Processing /opt/airflow/dags/main.py took 0.893 seconds
[2025-12-14T11:55:12.290+0000] {processor.py:161} INFO - Started process (PID=1178) to work on /opt/airflow/dags/main.py
[2025-12-14T11:55:12.291+0000] {processor.py:830} INFO - Processing file /opt/airflow/dags/main.py for tasks to queue
[2025-12-14T11:55:12.293+0000] {logging_mixin.py:188} INFO - [2025-12-14T11:55:12.293+0000] {dagbag.py:545} INFO - Filling up the DagBag from /opt/airflow/dags/main.py
[2025-12-14T11:55:12.342+0000] {processor.py:840} INFO - DAG(s) 'youtube_video_stats' retrieved from /opt/airflow/dags/main.py
[2025-12-14T11:55:12.378+0000] {logging_mixin.py:188} INFO - [2025-12-14T11:55:12.378+0000] {dag.py:3096} INFO - Sync 1 DAGs
[2025-12-14T11:55:12.404+0000] {logging_mixin.py:188} INFO - [2025-12-14T11:55:12.404+0000] {dag.py:3954} INFO - Setting next_dagrun for youtube_video_stats to 2025-12-12 14:00:00+00:00, run_after=2025-12-13 14:00:00+00:00
[2025-12-14T11:55:12.429+0000] {processor.py:183} INFO - Processing /opt/airflow/dags/main.py took 0.145 seconds
[2025-12-14T11:55:42.606+0000] {processor.py:161} INFO - Started process (PID=1185) to work on /opt/airflow/dags/main.py
[2025-12-14T11:55:42.607+0000] {processor.py:830} INFO - Processing file /opt/airflow/dags/main.py for tasks to queue
[2025-12-14T11:55:42.609+0000] {logging_mixin.py:188} INFO - [2025-12-14T11:55:42.609+0000] {dagbag.py:545} INFO - Filling up the DagBag from /opt/airflow/dags/main.py
[2025-12-14T11:55:42.644+0000] {processor.py:840} INFO - DAG(s) 'youtube_video_stats' retrieved from /opt/airflow/dags/main.py
[2025-12-14T11:55:42.667+0000] {logging_mixin.py:188} INFO - [2025-12-14T11:55:42.667+0000] {dag.py:3096} INFO - Sync 1 DAGs
[2025-12-14T11:55:42.690+0000] {logging_mixin.py:188} INFO - [2025-12-14T11:55:42.690+0000] {dag.py:3954} INFO - Setting next_dagrun for youtube_video_stats to 2025-12-12 14:00:00+00:00, run_after=2025-12-13 14:00:00+00:00
[2025-12-14T11:55:42.712+0000] {processor.py:183} INFO - Processing /opt/airflow/dags/main.py took 0.111 seconds
[2025-12-14T11:56:12.842+0000] {processor.py:161} INFO - Started process (PID=1193) to work on /opt/airflow/dags/main.py
[2025-12-14T11:56:12.844+0000] {processor.py:830} INFO - Processing file /opt/airflow/dags/main.py for tasks to queue
[2025-12-14T11:56:12.846+0000] {logging_mixin.py:188} INFO - [2025-12-14T11:56:12.845+0000] {dagbag.py:545} INFO - Filling up the DagBag from /opt/airflow/dags/main.py
[2025-12-14T11:56:12.895+0000] {processor.py:840} INFO - DAG(s) 'youtube_video_stats' retrieved from /opt/airflow/dags/main.py
[2025-12-14T11:56:12.929+0000] {logging_mixin.py:188} INFO - [2025-12-14T11:56:12.928+0000] {dag.py:3096} INFO - Sync 1 DAGs
[2025-12-14T11:56:12.955+0000] {logging_mixin.py:188} INFO - [2025-12-14T11:56:12.955+0000] {dag.py:3954} INFO - Setting next_dagrun for youtube_video_stats to 2025-12-12 14:00:00+00:00, run_after=2025-12-13 14:00:00+00:00
[2025-12-14T11:56:12.976+0000] {processor.py:183} INFO - Processing /opt/airflow/dags/main.py took 0.141 seconds
[2025-12-14T11:56:43.061+0000] {processor.py:161} INFO - Started process (PID=1200) to work on /opt/airflow/dags/main.py
[2025-12-14T11:56:43.062+0000] {processor.py:830} INFO - Processing file /opt/airflow/dags/main.py for tasks to queue
[2025-12-14T11:56:43.064+0000] {logging_mixin.py:188} INFO - [2025-12-14T11:56:43.063+0000] {dagbag.py:545} INFO - Filling up the DagBag from /opt/airflow/dags/main.py
[2025-12-14T11:56:43.102+0000] {processor.py:840} INFO - DAG(s) 'youtube_video_stats' retrieved from /opt/airflow/dags/main.py
[2025-12-14T11:56:43.127+0000] {logging_mixin.py:188} INFO - [2025-12-14T11:56:43.127+0000] {dag.py:3096} INFO - Sync 1 DAGs
[2025-12-14T11:56:43.147+0000] {logging_mixin.py:188} INFO - [2025-12-14T11:56:43.146+0000] {dag.py:3954} INFO - Setting next_dagrun for youtube_video_stats to 2025-12-12 14:00:00+00:00, run_after=2025-12-13 14:00:00+00:00
[2025-12-14T11:56:43.164+0000] {processor.py:183} INFO - Processing /opt/airflow/dags/main.py took 0.109 seconds
[2025-12-14T11:57:13.321+0000] {processor.py:161} INFO - Started process (PID=1207) to work on /opt/airflow/dags/main.py
[2025-12-14T11:57:13.322+0000] {processor.py:830} INFO - Processing file /opt/airflow/dags/main.py for tasks to queue
[2025-12-14T11:57:13.323+0000] {logging_mixin.py:188} INFO - [2025-12-14T11:57:13.323+0000] {dagbag.py:545} INFO - Filling up the DagBag from /opt/airflow/dags/main.py
[2025-12-14T11:57:13.370+0000] {processor.py:840} INFO - DAG(s) 'youtube_video_stats' retrieved from /opt/airflow/dags/main.py
[2025-12-14T11:57:13.394+0000] {logging_mixin.py:188} INFO - [2025-12-14T11:57:13.394+0000] {dag.py:3096} INFO - Sync 1 DAGs
[2025-12-14T11:57:13.412+0000] {logging_mixin.py:188} INFO - [2025-12-14T11:57:13.412+0000] {dag.py:3954} INFO - Setting next_dagrun for youtube_video_stats to 2025-12-12 14:00:00+00:00, run_after=2025-12-13 14:00:00+00:00
[2025-12-14T11:57:13.431+0000] {processor.py:183} INFO - Processing /opt/airflow/dags/main.py took 0.115 seconds
[2025-12-14T11:57:43.507+0000] {processor.py:161} INFO - Started process (PID=1214) to work on /opt/airflow/dags/main.py
[2025-12-14T11:57:43.509+0000] {processor.py:830} INFO - Processing file /opt/airflow/dags/main.py for tasks to queue
[2025-12-14T11:57:43.512+0000] {logging_mixin.py:188} INFO - [2025-12-14T11:57:43.511+0000] {dagbag.py:545} INFO - Filling up the DagBag from /opt/airflow/dags/main.py
[2025-12-14T11:57:43.570+0000] {processor.py:840} INFO - DAG(s) 'youtube_video_stats' retrieved from /opt/airflow/dags/main.py
[2025-12-14T11:57:43.602+0000] {logging_mixin.py:188} INFO - [2025-12-14T11:57:43.602+0000] {dag.py:3096} INFO - Sync 1 DAGs
[2025-12-14T11:57:43.631+0000] {logging_mixin.py:188} INFO - [2025-12-14T11:57:43.631+0000] {dag.py:3954} INFO - Setting next_dagrun for youtube_video_stats to 2025-12-12 14:00:00+00:00, run_after=2025-12-13 14:00:00+00:00
[2025-12-14T11:57:43.655+0000] {processor.py:183} INFO - Processing /opt/airflow/dags/main.py took 0.154 seconds
[2025-12-14T11:58:13.795+0000] {processor.py:161} INFO - Started process (PID=1221) to work on /opt/airflow/dags/main.py
[2025-12-14T11:58:13.829+0000] {processor.py:830} INFO - Processing file /opt/airflow/dags/main.py for tasks to queue
[2025-12-14T11:58:13.831+0000] {logging_mixin.py:188} INFO - [2025-12-14T11:58:13.831+0000] {dagbag.py:545} INFO - Filling up the DagBag from /opt/airflow/dags/main.py
[2025-12-14T11:58:13.895+0000] {processor.py:840} INFO - DAG(s) 'youtube_video_stats' retrieved from /opt/airflow/dags/main.py
[2025-12-14T11:58:13.938+0000] {logging_mixin.py:188} INFO - [2025-12-14T11:58:13.938+0000] {dag.py:3096} INFO - Sync 1 DAGs
[2025-12-14T11:58:13.974+0000] {logging_mixin.py:188} INFO - [2025-12-14T11:58:13.973+0000] {dag.py:3954} INFO - Setting next_dagrun for youtube_video_stats to 2025-12-13 14:00:00+00:00, run_after=2025-12-14 14:00:00+00:00
[2025-12-14T11:58:14.036+0000] {processor.py:183} INFO - Processing /opt/airflow/dags/main.py took 0.249 seconds
[2025-12-14T11:58:44.227+0000] {processor.py:161} INFO - Started process (PID=1228) to work on /opt/airflow/dags/main.py
[2025-12-14T11:58:44.229+0000] {processor.py:830} INFO - Processing file /opt/airflow/dags/main.py for tasks to queue
[2025-12-14T11:58:44.231+0000] {logging_mixin.py:188} INFO - [2025-12-14T11:58:44.231+0000] {dagbag.py:545} INFO - Filling up the DagBag from /opt/airflow/dags/main.py
[2025-12-14T11:58:44.279+0000] {processor.py:840} INFO - DAG(s) 'youtube_video_stats' retrieved from /opt/airflow/dags/main.py
[2025-12-14T11:58:44.309+0000] {logging_mixin.py:188} INFO - [2025-12-14T11:58:44.309+0000] {dag.py:3096} INFO - Sync 1 DAGs
[2025-12-14T11:58:44.336+0000] {logging_mixin.py:188} INFO - [2025-12-14T11:58:44.336+0000] {dag.py:3954} INFO - Setting next_dagrun for youtube_video_stats to 2025-12-13 14:00:00+00:00, run_after=2025-12-14 14:00:00+00:00
[2025-12-14T11:58:44.371+0000] {processor.py:183} INFO - Processing /opt/airflow/dags/main.py took 0.151 seconds
[2025-12-14T11:59:14.498+0000] {processor.py:161} INFO - Started process (PID=1235) to work on /opt/airflow/dags/main.py
[2025-12-14T11:59:14.502+0000] {processor.py:830} INFO - Processing file /opt/airflow/dags/main.py for tasks to queue
[2025-12-14T11:59:14.507+0000] {logging_mixin.py:188} INFO - [2025-12-14T11:59:14.506+0000] {dagbag.py:545} INFO - Filling up the DagBag from /opt/airflow/dags/main.py
[2025-12-14T11:59:14.581+0000] {processor.py:840} INFO - DAG(s) 'youtube_video_stats' retrieved from /opt/airflow/dags/main.py
[2025-12-14T11:59:14.621+0000] {logging_mixin.py:188} INFO - [2025-12-14T11:59:14.621+0000] {dag.py:3096} INFO - Sync 1 DAGs
[2025-12-14T11:59:14.650+0000] {logging_mixin.py:188} INFO - [2025-12-14T11:59:14.650+0000] {dag.py:3954} INFO - Setting next_dagrun for youtube_video_stats to 2025-12-13 14:00:00+00:00, run_after=2025-12-14 14:00:00+00:00
[2025-12-14T11:59:14.688+0000] {processor.py:183} INFO - Processing /opt/airflow/dags/main.py took 0.199 seconds
[2025-12-14T11:59:44.731+0000] {processor.py:161} INFO - Started process (PID=1242) to work on /opt/airflow/dags/main.py
[2025-12-14T11:59:44.732+0000] {processor.py:830} INFO - Processing file /opt/airflow/dags/main.py for tasks to queue
[2025-12-14T11:59:44.734+0000] {logging_mixin.py:188} INFO - [2025-12-14T11:59:44.733+0000] {dagbag.py:545} INFO - Filling up the DagBag from /opt/airflow/dags/main.py
[2025-12-14T11:59:44.766+0000] {processor.py:840} INFO - DAG(s) 'youtube_video_stats' retrieved from /opt/airflow/dags/main.py
[2025-12-14T11:59:44.790+0000] {logging_mixin.py:188} INFO - [2025-12-14T11:59:44.790+0000] {dag.py:3096} INFO - Sync 1 DAGs
[2025-12-14T11:59:44.809+0000] {logging_mixin.py:188} INFO - [2025-12-14T11:59:44.809+0000] {dag.py:3954} INFO - Setting next_dagrun for youtube_video_stats to 2025-12-13 14:00:00+00:00, run_after=2025-12-14 14:00:00+00:00
[2025-12-14T11:59:44.830+0000] {processor.py:183} INFO - Processing /opt/airflow/dags/main.py took 0.104 seconds
[2025-12-14T12:00:14.924+0000] {processor.py:161} INFO - Started process (PID=1249) to work on /opt/airflow/dags/main.py
[2025-12-14T12:00:14.925+0000] {processor.py:830} INFO - Processing file /opt/airflow/dags/main.py for tasks to queue
[2025-12-14T12:00:14.927+0000] {logging_mixin.py:188} INFO - [2025-12-14T12:00:14.926+0000] {dagbag.py:545} INFO - Filling up the DagBag from /opt/airflow/dags/main.py
[2025-12-14T12:00:14.964+0000] {processor.py:840} INFO - DAG(s) 'youtube_video_stats' retrieved from /opt/airflow/dags/main.py
[2025-12-14T12:00:14.989+0000] {logging_mixin.py:188} INFO - [2025-12-14T12:00:14.989+0000] {dag.py:3096} INFO - Sync 1 DAGs
[2025-12-14T12:00:15.008+0000] {logging_mixin.py:188} INFO - [2025-12-14T12:00:15.008+0000] {dag.py:3954} INFO - Setting next_dagrun for youtube_video_stats to 2025-12-13 14:00:00+00:00, run_after=2025-12-14 14:00:00+00:00
[2025-12-14T12:00:15.025+0000] {processor.py:183} INFO - Processing /opt/airflow/dags/main.py took 0.107 seconds
[2025-12-14T12:00:45.139+0000] {processor.py:161} INFO - Started process (PID=1257) to work on /opt/airflow/dags/main.py
[2025-12-14T12:00:45.140+0000] {processor.py:830} INFO - Processing file /opt/airflow/dags/main.py for tasks to queue
[2025-12-14T12:00:45.142+0000] {logging_mixin.py:188} INFO - [2025-12-14T12:00:45.142+0000] {dagbag.py:545} INFO - Filling up the DagBag from /opt/airflow/dags/main.py
[2025-12-14T12:00:45.184+0000] {processor.py:840} INFO - DAG(s) 'youtube_video_stats' retrieved from /opt/airflow/dags/main.py
[2025-12-14T12:00:45.209+0000] {logging_mixin.py:188} INFO - [2025-12-14T12:00:45.209+0000] {dag.py:3096} INFO - Sync 1 DAGs
[2025-12-14T12:00:45.229+0000] {logging_mixin.py:188} INFO - [2025-12-14T12:00:45.229+0000] {dag.py:3954} INFO - Setting next_dagrun for youtube_video_stats to 2025-12-13 14:00:00+00:00, run_after=2025-12-14 14:00:00+00:00
[2025-12-14T12:00:45.248+0000] {processor.py:183} INFO - Processing /opt/airflow/dags/main.py took 0.114 seconds
[2025-12-14T12:01:15.457+0000] {processor.py:161} INFO - Started process (PID=1264) to work on /opt/airflow/dags/main.py
[2025-12-14T12:01:15.458+0000] {processor.py:830} INFO - Processing file /opt/airflow/dags/main.py for tasks to queue
[2025-12-14T12:01:15.460+0000] {logging_mixin.py:188} INFO - [2025-12-14T12:01:15.460+0000] {dagbag.py:545} INFO - Filling up the DagBag from /opt/airflow/dags/main.py
[2025-12-14T12:01:15.495+0000] {processor.py:840} INFO - DAG(s) 'youtube_video_stats' retrieved from /opt/airflow/dags/main.py
[2025-12-14T12:01:15.521+0000] {logging_mixin.py:188} INFO - [2025-12-14T12:01:15.521+0000] {dag.py:3096} INFO - Sync 1 DAGs
[2025-12-14T12:01:15.540+0000] {logging_mixin.py:188} INFO - [2025-12-14T12:01:15.540+0000] {dag.py:3954} INFO - Setting next_dagrun for youtube_video_stats to 2025-12-13 14:00:00+00:00, run_after=2025-12-14 14:00:00+00:00
[2025-12-14T12:01:15.556+0000] {processor.py:183} INFO - Processing /opt/airflow/dags/main.py took 0.104 seconds
[2025-12-14T12:01:45.680+0000] {processor.py:161} INFO - Started process (PID=1271) to work on /opt/airflow/dags/main.py
[2025-12-14T12:01:45.682+0000] {processor.py:830} INFO - Processing file /opt/airflow/dags/main.py for tasks to queue
[2025-12-14T12:01:45.685+0000] {logging_mixin.py:188} INFO - [2025-12-14T12:01:45.685+0000] {dagbag.py:545} INFO - Filling up the DagBag from /opt/airflow/dags/main.py
[2025-12-14T12:01:45.738+0000] {processor.py:840} INFO - DAG(s) 'youtube_video_stats' retrieved from /opt/airflow/dags/main.py
[2025-12-14T12:01:45.772+0000] {logging_mixin.py:188} INFO - [2025-12-14T12:01:45.772+0000] {dag.py:3096} INFO - Sync 1 DAGs
[2025-12-14T12:01:45.800+0000] {logging_mixin.py:188} INFO - [2025-12-14T12:01:45.800+0000] {dag.py:3954} INFO - Setting next_dagrun for youtube_video_stats to 2025-12-13 14:00:00+00:00, run_after=2025-12-14 14:00:00+00:00
[2025-12-14T12:01:45.828+0000] {processor.py:183} INFO - Processing /opt/airflow/dags/main.py took 0.156 seconds
[2025-12-14T12:02:15.893+0000] {processor.py:161} INFO - Started process (PID=1278) to work on /opt/airflow/dags/main.py
[2025-12-14T12:02:15.894+0000] {processor.py:830} INFO - Processing file /opt/airflow/dags/main.py for tasks to queue
[2025-12-14T12:02:15.895+0000] {logging_mixin.py:188} INFO - [2025-12-14T12:02:15.895+0000] {dagbag.py:545} INFO - Filling up the DagBag from /opt/airflow/dags/main.py
[2025-12-14T12:02:15.933+0000] {processor.py:840} INFO - DAG(s) 'youtube_video_stats' retrieved from /opt/airflow/dags/main.py
[2025-12-14T12:02:15.956+0000] {logging_mixin.py:188} INFO - [2025-12-14T12:02:15.956+0000] {dag.py:3096} INFO - Sync 1 DAGs
[2025-12-14T12:02:15.977+0000] {logging_mixin.py:188} INFO - [2025-12-14T12:02:15.977+0000] {dag.py:3954} INFO - Setting next_dagrun for youtube_video_stats to 2025-12-13 14:00:00+00:00, run_after=2025-12-14 14:00:00+00:00
[2025-12-14T12:02:15.996+0000] {processor.py:183} INFO - Processing /opt/airflow/dags/main.py took 0.109 seconds
